   1              		.syntax unified
   2              		.cpu cortex-m3
   3              		.fpu softvfp
   4              		.eabi_attribute 20, 1
   5              		.eabi_attribute 21, 1
   6              		.eabi_attribute 23, 3
   7              		.eabi_attribute 24, 1
   8              		.eabi_attribute 25, 1
   9              		.eabi_attribute 26, 1
  10              		.eabi_attribute 30, 6
  11              		.eabi_attribute 34, 1
  12              		.eabi_attribute 18, 4
  13              		.thumb
  14              		.syntax unified
  15              		.file	"lpc17xx_pinsel.c"
  16              		.text
  17              	.Ltext0:
  18              		.cfi_sections	.debug_frame
  19              		.section	.text.PINSEL_SetPinFunc,"ax",%progbits
  20              		.align	2
  21              		.global	PINSEL_SetPinFunc
  22              		.thumb
  23              		.thumb_func
  25              	PINSEL_SetPinFunc:
  26              	.LFB29:
  27              		.file 1 "Libraries/NXP/Drivers/source/lpc17xx_pinsel.c"
   1:Libraries/NXP/Drivers/source/lpc17xx_pinsel.c **** /**
   2:Libraries/NXP/Drivers/source/lpc17xx_pinsel.c ****  * @file	: lpc17xx_pinsel.c
   3:Libraries/NXP/Drivers/source/lpc17xx_pinsel.c ****  * @brief	: Contains all functions support for Pin connect block firmware
   4:Libraries/NXP/Drivers/source/lpc17xx_pinsel.c ****  * 				library on LPC17xx
   5:Libraries/NXP/Drivers/source/lpc17xx_pinsel.c ****  * @version	: 1.0
   6:Libraries/NXP/Drivers/source/lpc17xx_pinsel.c ****  * @date	: 25. Feb. 2009
   7:Libraries/NXP/Drivers/source/lpc17xx_pinsel.c ****  * @author	: HoanTran
   8:Libraries/NXP/Drivers/source/lpc17xx_pinsel.c ****  **************************************************************************
   9:Libraries/NXP/Drivers/source/lpc17xx_pinsel.c ****  * Software that is described herein is for illustrative purposes only
  10:Libraries/NXP/Drivers/source/lpc17xx_pinsel.c ****  * which provides customers with programming information regarding the
  11:Libraries/NXP/Drivers/source/lpc17xx_pinsel.c ****  * products. This software is supplied "AS IS" without any warranties.
  12:Libraries/NXP/Drivers/source/lpc17xx_pinsel.c ****  * NXP Semiconductors assumes no responsibility or liability for the
  13:Libraries/NXP/Drivers/source/lpc17xx_pinsel.c ****  * use of the software, conveys no license or title under any patent,
  14:Libraries/NXP/Drivers/source/lpc17xx_pinsel.c ****  * copyright, or mask work right to the product. NXP Semiconductors
  15:Libraries/NXP/Drivers/source/lpc17xx_pinsel.c ****  * reserves the right to make changes in the software without
  16:Libraries/NXP/Drivers/source/lpc17xx_pinsel.c ****  * notification. NXP Semiconductors also make no representation or
  17:Libraries/NXP/Drivers/source/lpc17xx_pinsel.c ****  * warranty that such application will be suitable for the specified
  18:Libraries/NXP/Drivers/source/lpc17xx_pinsel.c ****  * use without further testing or modification.
  19:Libraries/NXP/Drivers/source/lpc17xx_pinsel.c ****  **********************************************************************/
  20:Libraries/NXP/Drivers/source/lpc17xx_pinsel.c **** 
  21:Libraries/NXP/Drivers/source/lpc17xx_pinsel.c **** /* Peripheral group ----------------------------------------------------------- */
  22:Libraries/NXP/Drivers/source/lpc17xx_pinsel.c **** /** @addtogroup PINSEL
  23:Libraries/NXP/Drivers/source/lpc17xx_pinsel.c ****  * @{
  24:Libraries/NXP/Drivers/source/lpc17xx_pinsel.c ****  */
  25:Libraries/NXP/Drivers/source/lpc17xx_pinsel.c **** 
  26:Libraries/NXP/Drivers/source/lpc17xx_pinsel.c **** /* Includes ------------------------------------------------------------------- */
  27:Libraries/NXP/Drivers/source/lpc17xx_pinsel.c **** #include "lpc17xx_pinsel.h"
  28:Libraries/NXP/Drivers/source/lpc17xx_pinsel.c **** 
  29:Libraries/NXP/Drivers/source/lpc17xx_pinsel.c **** 
  30:Libraries/NXP/Drivers/source/lpc17xx_pinsel.c **** /* Public Functions ----------------------------------------------------------- */
  31:Libraries/NXP/Drivers/source/lpc17xx_pinsel.c **** /** @addtogroup PINSEL_Public_Functions
  32:Libraries/NXP/Drivers/source/lpc17xx_pinsel.c ****  * @{
  33:Libraries/NXP/Drivers/source/lpc17xx_pinsel.c ****  */
  34:Libraries/NXP/Drivers/source/lpc17xx_pinsel.c **** 
  35:Libraries/NXP/Drivers/source/lpc17xx_pinsel.c **** /*********************************************************************//**
  36:Libraries/NXP/Drivers/source/lpc17xx_pinsel.c ****  * @brief 		Setup the pin selection function
  37:Libraries/NXP/Drivers/source/lpc17xx_pinsel.c ****  * @param[in]	portnum PORT number,
  38:Libraries/NXP/Drivers/source/lpc17xx_pinsel.c ****  * 				should be one of the following:
  39:Libraries/NXP/Drivers/source/lpc17xx_pinsel.c ****  * 				- PINSEL_PORT_0	: Port 0
  40:Libraries/NXP/Drivers/source/lpc17xx_pinsel.c ****  * 				- PINSEL_PORT_1	: Port 1
  41:Libraries/NXP/Drivers/source/lpc17xx_pinsel.c ****  * 				- PINSEL_PORT_2	: Port 2
  42:Libraries/NXP/Drivers/source/lpc17xx_pinsel.c ****  * 				- PINSEL_PORT_3	: Port 3
  43:Libraries/NXP/Drivers/source/lpc17xx_pinsel.c ****  *
  44:Libraries/NXP/Drivers/source/lpc17xx_pinsel.c ****  * @param[in]	pinnum	Pin number,
  45:Libraries/NXP/Drivers/source/lpc17xx_pinsel.c ****  * 				should be one of the following:
  46:Libraries/NXP/Drivers/source/lpc17xx_pinsel.c **** 				- PINSEL_PIN_0 : Pin 0
  47:Libraries/NXP/Drivers/source/lpc17xx_pinsel.c **** 				- PINSEL_PIN_1 : Pin 1
  48:Libraries/NXP/Drivers/source/lpc17xx_pinsel.c **** 				- PINSEL_PIN_2 : Pin 2
  49:Libraries/NXP/Drivers/source/lpc17xx_pinsel.c **** 				- PINSEL_PIN_3 : Pin 3
  50:Libraries/NXP/Drivers/source/lpc17xx_pinsel.c **** 				- PINSEL_PIN_4 : Pin 4
  51:Libraries/NXP/Drivers/source/lpc17xx_pinsel.c **** 				- PINSEL_PIN_5 : Pin 5
  52:Libraries/NXP/Drivers/source/lpc17xx_pinsel.c **** 				- PINSEL_PIN_6 : Pin 6
  53:Libraries/NXP/Drivers/source/lpc17xx_pinsel.c **** 				- PINSEL_PIN_7 : Pin 7
  54:Libraries/NXP/Drivers/source/lpc17xx_pinsel.c **** 				- PINSEL_PIN_8 : Pin 8
  55:Libraries/NXP/Drivers/source/lpc17xx_pinsel.c **** 				- PINSEL_PIN_9 : Pin 9
  56:Libraries/NXP/Drivers/source/lpc17xx_pinsel.c **** 				- PINSEL_PIN_10 : Pin 10
  57:Libraries/NXP/Drivers/source/lpc17xx_pinsel.c **** 				- PINSEL_PIN_11 : Pin 11
  58:Libraries/NXP/Drivers/source/lpc17xx_pinsel.c **** 				- PINSEL_PIN_12 : Pin 12
  59:Libraries/NXP/Drivers/source/lpc17xx_pinsel.c **** 				- PINSEL_PIN_13 : Pin 13
  60:Libraries/NXP/Drivers/source/lpc17xx_pinsel.c **** 				- PINSEL_PIN_14 : Pin 14
  61:Libraries/NXP/Drivers/source/lpc17xx_pinsel.c **** 				- PINSEL_PIN_15 : Pin 15
  62:Libraries/NXP/Drivers/source/lpc17xx_pinsel.c **** 				- PINSEL_PIN_16 : Pin 16
  63:Libraries/NXP/Drivers/source/lpc17xx_pinsel.c **** 				- PINSEL_PIN_17 : Pin 17
  64:Libraries/NXP/Drivers/source/lpc17xx_pinsel.c **** 				- PINSEL_PIN_18 : Pin 18
  65:Libraries/NXP/Drivers/source/lpc17xx_pinsel.c **** 				- PINSEL_PIN_19 : Pin 19
  66:Libraries/NXP/Drivers/source/lpc17xx_pinsel.c **** 				- PINSEL_PIN_20 : Pin 20
  67:Libraries/NXP/Drivers/source/lpc17xx_pinsel.c **** 				- PINSEL_PIN_21 : Pin 21
  68:Libraries/NXP/Drivers/source/lpc17xx_pinsel.c **** 				- PINSEL_PIN_22 : Pin 22
  69:Libraries/NXP/Drivers/source/lpc17xx_pinsel.c **** 				- PINSEL_PIN_23 : Pin 23
  70:Libraries/NXP/Drivers/source/lpc17xx_pinsel.c **** 				- PINSEL_PIN_24 : Pin 24
  71:Libraries/NXP/Drivers/source/lpc17xx_pinsel.c **** 				- PINSEL_PIN_25 : Pin 25
  72:Libraries/NXP/Drivers/source/lpc17xx_pinsel.c **** 				- PINSEL_PIN_26 : Pin 26
  73:Libraries/NXP/Drivers/source/lpc17xx_pinsel.c **** 				- PINSEL_PIN_27 : Pin 27
  74:Libraries/NXP/Drivers/source/lpc17xx_pinsel.c **** 				- PINSEL_PIN_28 : Pin 28
  75:Libraries/NXP/Drivers/source/lpc17xx_pinsel.c **** 				- PINSEL_PIN_29 : Pin 29
  76:Libraries/NXP/Drivers/source/lpc17xx_pinsel.c **** 				- PINSEL_PIN_30 : Pin 30
  77:Libraries/NXP/Drivers/source/lpc17xx_pinsel.c **** 				- PINSEL_PIN_31 : Pin 31
  78:Libraries/NXP/Drivers/source/lpc17xx_pinsel.c **** 
  79:Libraries/NXP/Drivers/source/lpc17xx_pinsel.c ****  * @param[in] 	funcnum Function number,
  80:Libraries/NXP/Drivers/source/lpc17xx_pinsel.c ****  * 				should be one of the following:
  81:Libraries/NXP/Drivers/source/lpc17xx_pinsel.c ****  *				- PINSEL_FUNC_0 : default function
  82:Libraries/NXP/Drivers/source/lpc17xx_pinsel.c ****  *				- PINSEL_FUNC_1 : first alternate function
  83:Libraries/NXP/Drivers/source/lpc17xx_pinsel.c ****  *				- PINSEL_FUNC_2 : second alternate function
  84:Libraries/NXP/Drivers/source/lpc17xx_pinsel.c ****  *				- PINSEL_FUNC_3 : third alternate function
  85:Libraries/NXP/Drivers/source/lpc17xx_pinsel.c ****  *
  86:Libraries/NXP/Drivers/source/lpc17xx_pinsel.c ****  * @return 		None
  87:Libraries/NXP/Drivers/source/lpc17xx_pinsel.c ****  **********************************************************************/
  88:Libraries/NXP/Drivers/source/lpc17xx_pinsel.c **** void PINSEL_SetPinFunc ( uint8_t portnum, uint8_t pinnum, uint8_t funcnum)
  89:Libraries/NXP/Drivers/source/lpc17xx_pinsel.c **** {
  28              		.loc 1 89 0
  29              		.cfi_startproc
  30              		@ args = 0, pretend = 0, frame = 24
  31              		@ frame_needed = 1, uses_anonymous_args = 0
  32              		@ link register save eliminated.
  33 0000 80B4     		push	{r7}
  34              		.cfi_def_cfa_offset 4
  35              		.cfi_offset 7, -4
  36 0002 87B0     		sub	sp, sp, #28
  37              		.cfi_def_cfa_offset 32
  38 0004 00AF     		add	r7, sp, #0
  39              		.cfi_def_cfa_register 7
  40 0006 0346     		mov	r3, r0
  41 0008 FB71     		strb	r3, [r7, #7]
  42 000a 0B46     		mov	r3, r1
  43 000c BB71     		strb	r3, [r7, #6]
  44 000e 1346     		mov	r3, r2
  45 0010 7B71     		strb	r3, [r7, #5]
  90:Libraries/NXP/Drivers/source/lpc17xx_pinsel.c **** 	uint32_t pinnum_t = pinnum;
  46              		.loc 1 90 0
  47 0012 BB79     		ldrb	r3, [r7, #6]	@ zero_extendqisi2
  48 0014 7B61     		str	r3, [r7, #20]
  91:Libraries/NXP/Drivers/source/lpc17xx_pinsel.c **** 	uint32_t pinselreg_idx = 2 * portnum;
  49              		.loc 1 91 0
  50 0016 FB79     		ldrb	r3, [r7, #7]	@ zero_extendqisi2
  51 0018 5B00     		lsls	r3, r3, #1
  52 001a 3B61     		str	r3, [r7, #16]
  92:Libraries/NXP/Drivers/source/lpc17xx_pinsel.c **** 	// mthomas uint32_t *pPinCon = (uint32_t *)&LPC_PINCON->PINSEL0;
  93:Libraries/NXP/Drivers/source/lpc17xx_pinsel.c **** 	volatile uint32_t *pPinCon = &LPC_PINCON->PINSEL0;
  53              		.loc 1 93 0
  54 001c 184B     		ldr	r3, .L3
  55 001e FB60     		str	r3, [r7, #12]
  94:Libraries/NXP/Drivers/source/lpc17xx_pinsel.c **** 
  95:Libraries/NXP/Drivers/source/lpc17xx_pinsel.c **** 	if (pinnum_t >= 16) {
  56              		.loc 1 95 0
  57 0020 7B69     		ldr	r3, [r7, #20]
  58 0022 0F2B     		cmp	r3, #15
  59 0024 05D9     		bls	.L2
  96:Libraries/NXP/Drivers/source/lpc17xx_pinsel.c **** 		pinnum_t -= 16;
  60              		.loc 1 96 0
  61 0026 7B69     		ldr	r3, [r7, #20]
  62 0028 103B     		subs	r3, r3, #16
  63 002a 7B61     		str	r3, [r7, #20]
  97:Libraries/NXP/Drivers/source/lpc17xx_pinsel.c **** 		pinselreg_idx++;
  64              		.loc 1 97 0
  65 002c 3B69     		ldr	r3, [r7, #16]
  66 002e 0133     		adds	r3, r3, #1
  67 0030 3B61     		str	r3, [r7, #16]
  68              	.L2:
  98:Libraries/NXP/Drivers/source/lpc17xx_pinsel.c **** 	}
  99:Libraries/NXP/Drivers/source/lpc17xx_pinsel.c **** 	// mthomas *(uint32_t *)(pPinCon + pinselreg_idx) &= ~(0x03UL << (pinnum_t * 2));
 100:Libraries/NXP/Drivers/source/lpc17xx_pinsel.c **** 	// mthomas *(uint32_t *)(pPinCon + pinselreg_idx) |= ((uint32_t)funcnum) << (pinnum_t * 2);
 101:Libraries/NXP/Drivers/source/lpc17xx_pinsel.c **** 	*(pPinCon + pinselreg_idx) &= ~(0x03UL << (pinnum_t * 2));
  69              		.loc 1 101 0
  70 0032 3B69     		ldr	r3, [r7, #16]
  71 0034 9B00     		lsls	r3, r3, #2
  72 0036 FA68     		ldr	r2, [r7, #12]
  73 0038 1344     		add	r3, r3, r2
  74 003a 3A69     		ldr	r2, [r7, #16]
  75 003c 9200     		lsls	r2, r2, #2
  76 003e F968     		ldr	r1, [r7, #12]
  77 0040 0A44     		add	r2, r2, r1
  78 0042 1168     		ldr	r1, [r2]
  79 0044 7A69     		ldr	r2, [r7, #20]
  80 0046 5200     		lsls	r2, r2, #1
  81 0048 0320     		movs	r0, #3
  82 004a 00FA02F2 		lsl	r2, r0, r2
  83 004e D243     		mvns	r2, r2
  84 0050 0A40     		ands	r2, r2, r1
  85 0052 1A60     		str	r2, [r3]
 102:Libraries/NXP/Drivers/source/lpc17xx_pinsel.c **** 	*(pPinCon + pinselreg_idx) |= ((uint32_t)funcnum) << (pinnum_t * 2);
  86              		.loc 1 102 0
  87 0054 3B69     		ldr	r3, [r7, #16]
  88 0056 9B00     		lsls	r3, r3, #2
  89 0058 FA68     		ldr	r2, [r7, #12]
  90 005a 1344     		add	r3, r3, r2
  91 005c 3A69     		ldr	r2, [r7, #16]
  92 005e 9200     		lsls	r2, r2, #2
  93 0060 F968     		ldr	r1, [r7, #12]
  94 0062 0A44     		add	r2, r2, r1
  95 0064 1168     		ldr	r1, [r2]
  96 0066 7879     		ldrb	r0, [r7, #5]	@ zero_extendqisi2
  97 0068 7A69     		ldr	r2, [r7, #20]
  98 006a 5200     		lsls	r2, r2, #1
  99 006c 00FA02F2 		lsl	r2, r0, r2
 100 0070 0A43     		orrs	r2, r2, r1
 101 0072 1A60     		str	r2, [r3]
 103:Libraries/NXP/Drivers/source/lpc17xx_pinsel.c **** }
 102              		.loc 1 103 0
 103 0074 00BF     		nop
 104 0076 1C37     		adds	r7, r7, #28
 105              		.cfi_def_cfa_offset 4
 106 0078 BD46     		mov	sp, r7
 107              		.cfi_def_cfa_register 13
 108              		@ sp needed
 109 007a 80BC     		pop	{r7}
 110              		.cfi_restore 7
 111              		.cfi_def_cfa_offset 0
 112 007c 7047     		bx	lr
 113              	.L4:
 114 007e 00BF     		.align	2
 115              	.L3:
 116 0080 00C00240 		.word	1073922048
 117              		.cfi_endproc
 118              	.LFE29:
 120              		.section	.text.PINSEL_ConfigTraceFunc,"ax",%progbits
 121              		.align	2
 122              		.global	PINSEL_ConfigTraceFunc
 123              		.thumb
 124              		.thumb_func
 126              	PINSEL_ConfigTraceFunc:
 127              	.LFB30:
 104:Libraries/NXP/Drivers/source/lpc17xx_pinsel.c **** 
 105:Libraries/NXP/Drivers/source/lpc17xx_pinsel.c **** 
 106:Libraries/NXP/Drivers/source/lpc17xx_pinsel.c **** 
 107:Libraries/NXP/Drivers/source/lpc17xx_pinsel.c **** /*********************************************************************//**
 108:Libraries/NXP/Drivers/source/lpc17xx_pinsel.c ****  * @brief 		Configure trace function
 109:Libraries/NXP/Drivers/source/lpc17xx_pinsel.c ****  * @param[in] 	NewState State of the Trace function configuration,
 110:Libraries/NXP/Drivers/source/lpc17xx_pinsel.c ****  * 				should be one of the following:
 111:Libraries/NXP/Drivers/source/lpc17xx_pinsel.c ****  * 				- ENABLE : Enable Trace Function
 112:Libraries/NXP/Drivers/source/lpc17xx_pinsel.c ****  * 				- DISABLE : Disable Trace Function
 113:Libraries/NXP/Drivers/source/lpc17xx_pinsel.c ****  *
 114:Libraries/NXP/Drivers/source/lpc17xx_pinsel.c ****  * @return 		None
 115:Libraries/NXP/Drivers/source/lpc17xx_pinsel.c ****  **********************************************************************/
 116:Libraries/NXP/Drivers/source/lpc17xx_pinsel.c **** void PINSEL_ConfigTraceFunc(FunctionalState NewState)
 117:Libraries/NXP/Drivers/source/lpc17xx_pinsel.c **** {
 128              		.loc 1 117 0
 129              		.cfi_startproc
 130              		@ args = 0, pretend = 0, frame = 8
 131              		@ frame_needed = 1, uses_anonymous_args = 0
 132              		@ link register save eliminated.
 133 0000 80B4     		push	{r7}
 134              		.cfi_def_cfa_offset 4
 135              		.cfi_offset 7, -4
 136 0002 83B0     		sub	sp, sp, #12
 137              		.cfi_def_cfa_offset 16
 138 0004 00AF     		add	r7, sp, #0
 139              		.cfi_def_cfa_register 7
 140 0006 0346     		mov	r3, r0
 141 0008 FB71     		strb	r3, [r7, #7]
 118:Libraries/NXP/Drivers/source/lpc17xx_pinsel.c **** 	if (NewState == ENABLE) {
 142              		.loc 1 118 0
 143 000a FB79     		ldrb	r3, [r7, #7]	@ zero_extendqisi2
 144 000c 012B     		cmp	r3, #1
 145 000e 06D1     		bne	.L6
 119:Libraries/NXP/Drivers/source/lpc17xx_pinsel.c **** 		LPC_PINCON->PINSEL10 |= (0x01UL << 3);
 146              		.loc 1 119 0
 147 0010 0A4A     		ldr	r2, .L9
 148 0012 0A4B     		ldr	r3, .L9
 149 0014 9B6A     		ldr	r3, [r3, #40]
 150 0016 43F00803 		orr	r3, r3, #8
 151 001a 9362     		str	r3, [r2, #40]
 120:Libraries/NXP/Drivers/source/lpc17xx_pinsel.c **** 	} else if (NewState == DISABLE) {
 121:Libraries/NXP/Drivers/source/lpc17xx_pinsel.c **** 		LPC_PINCON->PINSEL10 &= ~(0x01UL << 3);
 122:Libraries/NXP/Drivers/source/lpc17xx_pinsel.c **** 	}
 123:Libraries/NXP/Drivers/source/lpc17xx_pinsel.c **** }
 152              		.loc 1 123 0
 153 001c 08E0     		b	.L8
 154              	.L6:
 120:Libraries/NXP/Drivers/source/lpc17xx_pinsel.c **** 	} else if (NewState == DISABLE) {
 155              		.loc 1 120 0
 156 001e FB79     		ldrb	r3, [r7, #7]	@ zero_extendqisi2
 157 0020 002B     		cmp	r3, #0
 158 0022 05D1     		bne	.L8
 121:Libraries/NXP/Drivers/source/lpc17xx_pinsel.c **** 	}
 159              		.loc 1 121 0
 160 0024 054A     		ldr	r2, .L9
 161 0026 054B     		ldr	r3, .L9
 162 0028 9B6A     		ldr	r3, [r3, #40]
 163 002a 23F00803 		bic	r3, r3, #8
 164 002e 9362     		str	r3, [r2, #40]
 165              	.L8:
 166              		.loc 1 123 0
 167 0030 00BF     		nop
 168 0032 0C37     		adds	r7, r7, #12
 169              		.cfi_def_cfa_offset 4
 170 0034 BD46     		mov	sp, r7
 171              		.cfi_def_cfa_register 13
 172              		@ sp needed
 173 0036 80BC     		pop	{r7}
 174              		.cfi_restore 7
 175              		.cfi_def_cfa_offset 0
 176 0038 7047     		bx	lr
 177              	.L10:
 178 003a 00BF     		.align	2
 179              	.L9:
 180 003c 00C00240 		.word	1073922048
 181              		.cfi_endproc
 182              	.LFE30:
 184              		.section	.text.PINSEL_SetResistorMode,"ax",%progbits
 185              		.align	2
 186              		.global	PINSEL_SetResistorMode
 187              		.thumb
 188              		.thumb_func
 190              	PINSEL_SetResistorMode:
 191              	.LFB31:
 124:Libraries/NXP/Drivers/source/lpc17xx_pinsel.c **** 
 125:Libraries/NXP/Drivers/source/lpc17xx_pinsel.c **** 
 126:Libraries/NXP/Drivers/source/lpc17xx_pinsel.c **** 
 127:Libraries/NXP/Drivers/source/lpc17xx_pinsel.c **** /*********************************************************************//**
 128:Libraries/NXP/Drivers/source/lpc17xx_pinsel.c ****  * @brief 		Setup resistor mode for each pin
 129:Libraries/NXP/Drivers/source/lpc17xx_pinsel.c ****  * @param[in]	portnum PORT number,
 130:Libraries/NXP/Drivers/source/lpc17xx_pinsel.c ****  * 				should be one of the following:
 131:Libraries/NXP/Drivers/source/lpc17xx_pinsel.c ****  * 				- PINSEL_PORT_0	: Port 0
 132:Libraries/NXP/Drivers/source/lpc17xx_pinsel.c ****  * 				- PINSEL_PORT_1	: Port 1
 133:Libraries/NXP/Drivers/source/lpc17xx_pinsel.c ****  * 				- PINSEL_PORT_2	: Port 2
 134:Libraries/NXP/Drivers/source/lpc17xx_pinsel.c ****  * 				- PINSEL_PORT_3	: Port 3
 135:Libraries/NXP/Drivers/source/lpc17xx_pinsel.c ****  * @param[in]	pinnum	Pin number,
 136:Libraries/NXP/Drivers/source/lpc17xx_pinsel.c ****  * 				should be one of the following:
 137:Libraries/NXP/Drivers/source/lpc17xx_pinsel.c **** 				- PINSEL_PIN_0 : Pin 0
 138:Libraries/NXP/Drivers/source/lpc17xx_pinsel.c **** 				- PINSEL_PIN_1 : Pin 1
 139:Libraries/NXP/Drivers/source/lpc17xx_pinsel.c **** 				- PINSEL_PIN_2 : Pin 2
 140:Libraries/NXP/Drivers/source/lpc17xx_pinsel.c **** 				- PINSEL_PIN_3 : Pin 3
 141:Libraries/NXP/Drivers/source/lpc17xx_pinsel.c **** 				- PINSEL_PIN_4 : Pin 4
 142:Libraries/NXP/Drivers/source/lpc17xx_pinsel.c **** 				- PINSEL_PIN_5 : Pin 5
 143:Libraries/NXP/Drivers/source/lpc17xx_pinsel.c **** 				- PINSEL_PIN_6 : Pin 6
 144:Libraries/NXP/Drivers/source/lpc17xx_pinsel.c **** 				- PINSEL_PIN_7 : Pin 7
 145:Libraries/NXP/Drivers/source/lpc17xx_pinsel.c **** 				- PINSEL_PIN_8 : Pin 8
 146:Libraries/NXP/Drivers/source/lpc17xx_pinsel.c **** 				- PINSEL_PIN_9 : Pin 9
 147:Libraries/NXP/Drivers/source/lpc17xx_pinsel.c **** 				- PINSEL_PIN_10 : Pin 10
 148:Libraries/NXP/Drivers/source/lpc17xx_pinsel.c **** 				- PINSEL_PIN_11 : Pin 11
 149:Libraries/NXP/Drivers/source/lpc17xx_pinsel.c **** 				- PINSEL_PIN_12 : Pin 12
 150:Libraries/NXP/Drivers/source/lpc17xx_pinsel.c **** 				- PINSEL_PIN_13 : Pin 13
 151:Libraries/NXP/Drivers/source/lpc17xx_pinsel.c **** 				- PINSEL_PIN_14 : Pin 14
 152:Libraries/NXP/Drivers/source/lpc17xx_pinsel.c **** 				- PINSEL_PIN_15 : Pin 15
 153:Libraries/NXP/Drivers/source/lpc17xx_pinsel.c **** 				- PINSEL_PIN_16 : Pin 16
 154:Libraries/NXP/Drivers/source/lpc17xx_pinsel.c **** 				- PINSEL_PIN_17 : Pin 17
 155:Libraries/NXP/Drivers/source/lpc17xx_pinsel.c **** 				- PINSEL_PIN_18 : Pin 18
 156:Libraries/NXP/Drivers/source/lpc17xx_pinsel.c **** 				- PINSEL_PIN_19 : Pin 19
 157:Libraries/NXP/Drivers/source/lpc17xx_pinsel.c **** 				- PINSEL_PIN_20 : Pin 20
 158:Libraries/NXP/Drivers/source/lpc17xx_pinsel.c **** 				- PINSEL_PIN_21 : Pin 21
 159:Libraries/NXP/Drivers/source/lpc17xx_pinsel.c **** 				- PINSEL_PIN_22 : Pin 22
 160:Libraries/NXP/Drivers/source/lpc17xx_pinsel.c **** 				- PINSEL_PIN_23 : Pin 23
 161:Libraries/NXP/Drivers/source/lpc17xx_pinsel.c **** 				- PINSEL_PIN_24 : Pin 24
 162:Libraries/NXP/Drivers/source/lpc17xx_pinsel.c **** 				- PINSEL_PIN_25 : Pin 25
 163:Libraries/NXP/Drivers/source/lpc17xx_pinsel.c **** 				- PINSEL_PIN_26 : Pin 26
 164:Libraries/NXP/Drivers/source/lpc17xx_pinsel.c **** 				- PINSEL_PIN_27 : Pin 27
 165:Libraries/NXP/Drivers/source/lpc17xx_pinsel.c **** 				- PINSEL_PIN_28 : Pin 28
 166:Libraries/NXP/Drivers/source/lpc17xx_pinsel.c **** 				- PINSEL_PIN_29 : Pin 29
 167:Libraries/NXP/Drivers/source/lpc17xx_pinsel.c **** 				- PINSEL_PIN_30 : Pin 30
 168:Libraries/NXP/Drivers/source/lpc17xx_pinsel.c **** 				- PINSEL_PIN_31 : Pin 31
 169:Libraries/NXP/Drivers/source/lpc17xx_pinsel.c **** 
 170:Libraries/NXP/Drivers/source/lpc17xx_pinsel.c ****  * @param[in] 	modenum: Mode number,
 171:Libraries/NXP/Drivers/source/lpc17xx_pinsel.c ****  * 				should be one of the following:
 172:Libraries/NXP/Drivers/source/lpc17xx_pinsel.c **** 				- PINSEL_PINMODE_PULLUP	: Internal pull-up resistor
 173:Libraries/NXP/Drivers/source/lpc17xx_pinsel.c **** 				- PINSEL_PINMODE_TRISTATE : Tri-state
 174:Libraries/NXP/Drivers/source/lpc17xx_pinsel.c **** 				- PINSEL_PINMODE_PULLDOWN : Internal pull-down resistor
 175:Libraries/NXP/Drivers/source/lpc17xx_pinsel.c **** 
 176:Libraries/NXP/Drivers/source/lpc17xx_pinsel.c ****  * @return 		None
 177:Libraries/NXP/Drivers/source/lpc17xx_pinsel.c ****  **********************************************************************/
 178:Libraries/NXP/Drivers/source/lpc17xx_pinsel.c **** void PINSEL_SetResistorMode ( uint8_t portnum, uint8_t pinnum, uint8_t modenum)
 179:Libraries/NXP/Drivers/source/lpc17xx_pinsel.c **** {
 192              		.loc 1 179 0
 193              		.cfi_startproc
 194              		@ args = 0, pretend = 0, frame = 24
 195              		@ frame_needed = 1, uses_anonymous_args = 0
 196              		@ link register save eliminated.
 197 0000 80B4     		push	{r7}
 198              		.cfi_def_cfa_offset 4
 199              		.cfi_offset 7, -4
 200 0002 87B0     		sub	sp, sp, #28
 201              		.cfi_def_cfa_offset 32
 202 0004 00AF     		add	r7, sp, #0
 203              		.cfi_def_cfa_register 7
 204 0006 0346     		mov	r3, r0
 205 0008 FB71     		strb	r3, [r7, #7]
 206 000a 0B46     		mov	r3, r1
 207 000c BB71     		strb	r3, [r7, #6]
 208 000e 1346     		mov	r3, r2
 209 0010 7B71     		strb	r3, [r7, #5]
 180:Libraries/NXP/Drivers/source/lpc17xx_pinsel.c **** 	uint32_t pinnum_t = pinnum;
 210              		.loc 1 180 0
 211 0012 BB79     		ldrb	r3, [r7, #6]	@ zero_extendqisi2
 212 0014 7B61     		str	r3, [r7, #20]
 181:Libraries/NXP/Drivers/source/lpc17xx_pinsel.c **** 	uint32_t pinmodereg_idx = 2 * portnum;
 213              		.loc 1 181 0
 214 0016 FB79     		ldrb	r3, [r7, #7]	@ zero_extendqisi2
 215 0018 5B00     		lsls	r3, r3, #1
 216 001a 3B61     		str	r3, [r7, #16]
 182:Libraries/NXP/Drivers/source/lpc17xx_pinsel.c **** 	// mthomas uint32_t *pPinCon = (uint32_t *)&LPC_PINCON->PINMODE0;
 183:Libraries/NXP/Drivers/source/lpc17xx_pinsel.c **** 	volatile uint32_t *pPinCon = &LPC_PINCON->PINMODE0;
 217              		.loc 1 183 0
 218 001c 184B     		ldr	r3, .L13
 219 001e FB60     		str	r3, [r7, #12]
 184:Libraries/NXP/Drivers/source/lpc17xx_pinsel.c **** 
 185:Libraries/NXP/Drivers/source/lpc17xx_pinsel.c **** 	if (pinnum_t >= 16) {
 220              		.loc 1 185 0
 221 0020 7B69     		ldr	r3, [r7, #20]
 222 0022 0F2B     		cmp	r3, #15
 223 0024 05D9     		bls	.L12
 186:Libraries/NXP/Drivers/source/lpc17xx_pinsel.c **** 		pinnum_t -= 16;
 224              		.loc 1 186 0
 225 0026 7B69     		ldr	r3, [r7, #20]
 226 0028 103B     		subs	r3, r3, #16
 227 002a 7B61     		str	r3, [r7, #20]
 187:Libraries/NXP/Drivers/source/lpc17xx_pinsel.c **** 		pinmodereg_idx++ ;
 228              		.loc 1 187 0
 229 002c 3B69     		ldr	r3, [r7, #16]
 230 002e 0133     		adds	r3, r3, #1
 231 0030 3B61     		str	r3, [r7, #16]
 232              	.L12:
 188:Libraries/NXP/Drivers/source/lpc17xx_pinsel.c **** 	}
 189:Libraries/NXP/Drivers/source/lpc17xx_pinsel.c **** 
 190:Libraries/NXP/Drivers/source/lpc17xx_pinsel.c **** 	// mthomas *(uint32_t *)(pPinCon + pinmodereg_idx) &= ~(0x03UL << (pinnum_t * 2));
 191:Libraries/NXP/Drivers/source/lpc17xx_pinsel.c **** 	// mthomas *(uint32_t *)(pPinCon + pinmodereg_idx) |= ((uint32_t)modenum) << (pinnum_t * 2);
 192:Libraries/NXP/Drivers/source/lpc17xx_pinsel.c **** 	*(pPinCon + pinmodereg_idx) &= ~(0x03UL << (pinnum_t * 2));
 233              		.loc 1 192 0
 234 0032 3B69     		ldr	r3, [r7, #16]
 235 0034 9B00     		lsls	r3, r3, #2
 236 0036 FA68     		ldr	r2, [r7, #12]
 237 0038 1344     		add	r3, r3, r2
 238 003a 3A69     		ldr	r2, [r7, #16]
 239 003c 9200     		lsls	r2, r2, #2
 240 003e F968     		ldr	r1, [r7, #12]
 241 0040 0A44     		add	r2, r2, r1
 242 0042 1168     		ldr	r1, [r2]
 243 0044 7A69     		ldr	r2, [r7, #20]
 244 0046 5200     		lsls	r2, r2, #1
 245 0048 0320     		movs	r0, #3
 246 004a 00FA02F2 		lsl	r2, r0, r2
 247 004e D243     		mvns	r2, r2
 248 0050 0A40     		ands	r2, r2, r1
 249 0052 1A60     		str	r2, [r3]
 193:Libraries/NXP/Drivers/source/lpc17xx_pinsel.c **** 	*(pPinCon + pinmodereg_idx) |= ((uint32_t)modenum) << (pinnum_t * 2);
 250              		.loc 1 193 0
 251 0054 3B69     		ldr	r3, [r7, #16]
 252 0056 9B00     		lsls	r3, r3, #2
 253 0058 FA68     		ldr	r2, [r7, #12]
 254 005a 1344     		add	r3, r3, r2
 255 005c 3A69     		ldr	r2, [r7, #16]
 256 005e 9200     		lsls	r2, r2, #2
 257 0060 F968     		ldr	r1, [r7, #12]
 258 0062 0A44     		add	r2, r2, r1
 259 0064 1168     		ldr	r1, [r2]
 260 0066 7879     		ldrb	r0, [r7, #5]	@ zero_extendqisi2
 261 0068 7A69     		ldr	r2, [r7, #20]
 262 006a 5200     		lsls	r2, r2, #1
 263 006c 00FA02F2 		lsl	r2, r0, r2
 264 0070 0A43     		orrs	r2, r2, r1
 265 0072 1A60     		str	r2, [r3]
 194:Libraries/NXP/Drivers/source/lpc17xx_pinsel.c **** }
 266              		.loc 1 194 0
 267 0074 00BF     		nop
 268 0076 1C37     		adds	r7, r7, #28
 269              		.cfi_def_cfa_offset 4
 270 0078 BD46     		mov	sp, r7
 271              		.cfi_def_cfa_register 13
 272              		@ sp needed
 273 007a 80BC     		pop	{r7}
 274              		.cfi_restore 7
 275              		.cfi_def_cfa_offset 0
 276 007c 7047     		bx	lr
 277              	.L14:
 278 007e 00BF     		.align	2
 279              	.L13:
 280 0080 40C00240 		.word	1073922112
 281              		.cfi_endproc
 282              	.LFE31:
 284              		.section	.text.PINSEL_SetOpenDrainMode,"ax",%progbits
 285              		.align	2
 286              		.global	PINSEL_SetOpenDrainMode
 287              		.thumb
 288              		.thumb_func
 290              	PINSEL_SetOpenDrainMode:
 291              	.LFB32:
 195:Libraries/NXP/Drivers/source/lpc17xx_pinsel.c **** 
 196:Libraries/NXP/Drivers/source/lpc17xx_pinsel.c **** 
 197:Libraries/NXP/Drivers/source/lpc17xx_pinsel.c **** 
 198:Libraries/NXP/Drivers/source/lpc17xx_pinsel.c **** /*********************************************************************//**
 199:Libraries/NXP/Drivers/source/lpc17xx_pinsel.c ****  * @brief 		Setup Open drain mode for each pin
 200:Libraries/NXP/Drivers/source/lpc17xx_pinsel.c ****  * @param[in]	portnum PORT number,
 201:Libraries/NXP/Drivers/source/lpc17xx_pinsel.c ****  * 				should be one of the following:
 202:Libraries/NXP/Drivers/source/lpc17xx_pinsel.c ****  * 				- PINSEL_PORT_0	: Port 0
 203:Libraries/NXP/Drivers/source/lpc17xx_pinsel.c ****  * 				- PINSEL_PORT_1	: Port 1
 204:Libraries/NXP/Drivers/source/lpc17xx_pinsel.c ****  * 				- PINSEL_PORT_2	: Port 2
 205:Libraries/NXP/Drivers/source/lpc17xx_pinsel.c ****  * 				- PINSEL_PORT_3	: Port 3
 206:Libraries/NXP/Drivers/source/lpc17xx_pinsel.c ****  *
 207:Libraries/NXP/Drivers/source/lpc17xx_pinsel.c ****  * @param[in]	pinnum	Pin number,
 208:Libraries/NXP/Drivers/source/lpc17xx_pinsel.c ****  * 				should be one of the following:
 209:Libraries/NXP/Drivers/source/lpc17xx_pinsel.c **** 				- PINSEL_PIN_0 : Pin 0
 210:Libraries/NXP/Drivers/source/lpc17xx_pinsel.c **** 				- PINSEL_PIN_1 : Pin 1
 211:Libraries/NXP/Drivers/source/lpc17xx_pinsel.c **** 				- PINSEL_PIN_2 : Pin 2
 212:Libraries/NXP/Drivers/source/lpc17xx_pinsel.c **** 				- PINSEL_PIN_3 : Pin 3
 213:Libraries/NXP/Drivers/source/lpc17xx_pinsel.c **** 				- PINSEL_PIN_4 : Pin 4
 214:Libraries/NXP/Drivers/source/lpc17xx_pinsel.c **** 				- PINSEL_PIN_5 : Pin 5
 215:Libraries/NXP/Drivers/source/lpc17xx_pinsel.c **** 				- PINSEL_PIN_6 : Pin 6
 216:Libraries/NXP/Drivers/source/lpc17xx_pinsel.c **** 				- PINSEL_PIN_7 : Pin 7
 217:Libraries/NXP/Drivers/source/lpc17xx_pinsel.c **** 				- PINSEL_PIN_8 : Pin 8
 218:Libraries/NXP/Drivers/source/lpc17xx_pinsel.c **** 				- PINSEL_PIN_9 : Pin 9
 219:Libraries/NXP/Drivers/source/lpc17xx_pinsel.c **** 				- PINSEL_PIN_10 : Pin 10
 220:Libraries/NXP/Drivers/source/lpc17xx_pinsel.c **** 				- PINSEL_PIN_11 : Pin 11
 221:Libraries/NXP/Drivers/source/lpc17xx_pinsel.c **** 				- PINSEL_PIN_12 : Pin 12
 222:Libraries/NXP/Drivers/source/lpc17xx_pinsel.c **** 				- PINSEL_PIN_13 : Pin 13
 223:Libraries/NXP/Drivers/source/lpc17xx_pinsel.c **** 				- PINSEL_PIN_14 : Pin 14
 224:Libraries/NXP/Drivers/source/lpc17xx_pinsel.c **** 				- PINSEL_PIN_15 : Pin 15
 225:Libraries/NXP/Drivers/source/lpc17xx_pinsel.c **** 				- PINSEL_PIN_16 : Pin 16
 226:Libraries/NXP/Drivers/source/lpc17xx_pinsel.c **** 				- PINSEL_PIN_17 : Pin 17
 227:Libraries/NXP/Drivers/source/lpc17xx_pinsel.c **** 				- PINSEL_PIN_18 : Pin 18
 228:Libraries/NXP/Drivers/source/lpc17xx_pinsel.c **** 				- PINSEL_PIN_19 : Pin 19
 229:Libraries/NXP/Drivers/source/lpc17xx_pinsel.c **** 				- PINSEL_PIN_20 : Pin 20
 230:Libraries/NXP/Drivers/source/lpc17xx_pinsel.c **** 				- PINSEL_PIN_21 : Pin 21
 231:Libraries/NXP/Drivers/source/lpc17xx_pinsel.c **** 				- PINSEL_PIN_22 : Pin 22
 232:Libraries/NXP/Drivers/source/lpc17xx_pinsel.c **** 				- PINSEL_PIN_23 : Pin 23
 233:Libraries/NXP/Drivers/source/lpc17xx_pinsel.c **** 				- PINSEL_PIN_24 : Pin 24
 234:Libraries/NXP/Drivers/source/lpc17xx_pinsel.c **** 				- PINSEL_PIN_25 : Pin 25
 235:Libraries/NXP/Drivers/source/lpc17xx_pinsel.c **** 				- PINSEL_PIN_26 : Pin 26
 236:Libraries/NXP/Drivers/source/lpc17xx_pinsel.c **** 				- PINSEL_PIN_27 : Pin 27
 237:Libraries/NXP/Drivers/source/lpc17xx_pinsel.c **** 				- PINSEL_PIN_28 : Pin 28
 238:Libraries/NXP/Drivers/source/lpc17xx_pinsel.c **** 				- PINSEL_PIN_29 : Pin 29
 239:Libraries/NXP/Drivers/source/lpc17xx_pinsel.c **** 				- PINSEL_PIN_30 : Pin 30
 240:Libraries/NXP/Drivers/source/lpc17xx_pinsel.c **** 				- PINSEL_PIN_31 : Pin 31
 241:Libraries/NXP/Drivers/source/lpc17xx_pinsel.c **** 
 242:Libraries/NXP/Drivers/source/lpc17xx_pinsel.c ****  * @param[in]	modenum  Open drain mode number,
 243:Libraries/NXP/Drivers/source/lpc17xx_pinsel.c ****  * 				should be one of the following:
 244:Libraries/NXP/Drivers/source/lpc17xx_pinsel.c ****  * 				- PINSEL_PINMODE_NORMAL : Pin is in the normal (not open drain) mode
 245:Libraries/NXP/Drivers/source/lpc17xx_pinsel.c ****  * 				- PINSEL_PINMODE_OPENDRAIN : Pin is in the open drain mode
 246:Libraries/NXP/Drivers/source/lpc17xx_pinsel.c ****  *
 247:Libraries/NXP/Drivers/source/lpc17xx_pinsel.c ****  * @return 		None
 248:Libraries/NXP/Drivers/source/lpc17xx_pinsel.c ****  **********************************************************************/
 249:Libraries/NXP/Drivers/source/lpc17xx_pinsel.c **** void PINSEL_SetOpenDrainMode( uint8_t portnum, uint8_t pinnum, uint8_t modenum)
 250:Libraries/NXP/Drivers/source/lpc17xx_pinsel.c **** {
 292              		.loc 1 250 0
 293              		.cfi_startproc
 294              		@ args = 0, pretend = 0, frame = 16
 295              		@ frame_needed = 1, uses_anonymous_args = 0
 296              		@ link register save eliminated.
 297 0000 80B4     		push	{r7}
 298              		.cfi_def_cfa_offset 4
 299              		.cfi_offset 7, -4
 300 0002 85B0     		sub	sp, sp, #20
 301              		.cfi_def_cfa_offset 24
 302 0004 00AF     		add	r7, sp, #0
 303              		.cfi_def_cfa_register 7
 304 0006 0346     		mov	r3, r0
 305 0008 FB71     		strb	r3, [r7, #7]
 306 000a 0B46     		mov	r3, r1
 307 000c BB71     		strb	r3, [r7, #6]
 308 000e 1346     		mov	r3, r2
 309 0010 7B71     		strb	r3, [r7, #5]
 251:Libraries/NXP/Drivers/source/lpc17xx_pinsel.c **** 	// mthomas uint32_t *pPinCon = (uint32_t *)&LPC_PINCON->PINMODE_OD0;
 252:Libraries/NXP/Drivers/source/lpc17xx_pinsel.c **** 	volatile uint32_t *pPinCon = &LPC_PINCON->PINMODE_OD0;
 310              		.loc 1 252 0
 311 0012 154B     		ldr	r3, .L19
 312 0014 FB60     		str	r3, [r7, #12]
 253:Libraries/NXP/Drivers/source/lpc17xx_pinsel.c **** 
 254:Libraries/NXP/Drivers/source/lpc17xx_pinsel.c **** 	if (modenum == PINSEL_PINMODE_OPENDRAIN){
 313              		.loc 1 254 0
 314 0016 7B79     		ldrb	r3, [r7, #5]	@ zero_extendqisi2
 315 0018 012B     		cmp	r3, #1
 316 001a 0FD1     		bne	.L16
 255:Libraries/NXP/Drivers/source/lpc17xx_pinsel.c **** 		// mthomas *(uint32_t *)(pPinCon + portnum) |= (0x01UL << pinnum);
 256:Libraries/NXP/Drivers/source/lpc17xx_pinsel.c **** 		*(pPinCon + portnum) |= (0x01UL << pinnum);
 317              		.loc 1 256 0
 318 001c FB79     		ldrb	r3, [r7, #7]	@ zero_extendqisi2
 319 001e 9B00     		lsls	r3, r3, #2
 320 0020 FA68     		ldr	r2, [r7, #12]
 321 0022 1344     		add	r3, r3, r2
 322 0024 FA79     		ldrb	r2, [r7, #7]	@ zero_extendqisi2
 323 0026 9200     		lsls	r2, r2, #2
 324 0028 F968     		ldr	r1, [r7, #12]
 325 002a 0A44     		add	r2, r2, r1
 326 002c 1168     		ldr	r1, [r2]
 327 002e BA79     		ldrb	r2, [r7, #6]	@ zero_extendqisi2
 328 0030 0120     		movs	r0, #1
 329 0032 00FA02F2 		lsl	r2, r0, r2
 330 0036 0A43     		orrs	r2, r2, r1
 331 0038 1A60     		str	r2, [r3]
 257:Libraries/NXP/Drivers/source/lpc17xx_pinsel.c **** 	} else {
 258:Libraries/NXP/Drivers/source/lpc17xx_pinsel.c **** 		// mthomas *(uint32_t *)(pPinCon + portnum) &= ~(0x01UL << pinnum);
 259:Libraries/NXP/Drivers/source/lpc17xx_pinsel.c **** 		*(pPinCon + portnum) &= ~(0x01UL << pinnum);
 260:Libraries/NXP/Drivers/source/lpc17xx_pinsel.c **** 	}
 261:Libraries/NXP/Drivers/source/lpc17xx_pinsel.c **** }
 332              		.loc 1 261 0
 333 003a 0FE0     		b	.L18
 334              	.L16:
 259:Libraries/NXP/Drivers/source/lpc17xx_pinsel.c **** 	}
 335              		.loc 1 259 0
 336 003c FB79     		ldrb	r3, [r7, #7]	@ zero_extendqisi2
 337 003e 9B00     		lsls	r3, r3, #2
 338 0040 FA68     		ldr	r2, [r7, #12]
 339 0042 1344     		add	r3, r3, r2
 340 0044 FA79     		ldrb	r2, [r7, #7]	@ zero_extendqisi2
 341 0046 9200     		lsls	r2, r2, #2
 342 0048 F968     		ldr	r1, [r7, #12]
 343 004a 0A44     		add	r2, r2, r1
 344 004c 1168     		ldr	r1, [r2]
 345 004e BA79     		ldrb	r2, [r7, #6]	@ zero_extendqisi2
 346 0050 0120     		movs	r0, #1
 347 0052 00FA02F2 		lsl	r2, r0, r2
 348 0056 D243     		mvns	r2, r2
 349 0058 0A40     		ands	r2, r2, r1
 350 005a 1A60     		str	r2, [r3]
 351              	.L18:
 352              		.loc 1 261 0
 353 005c 00BF     		nop
 354 005e 1437     		adds	r7, r7, #20
 355              		.cfi_def_cfa_offset 4
 356 0060 BD46     		mov	sp, r7
 357              		.cfi_def_cfa_register 13
 358              		@ sp needed
 359 0062 80BC     		pop	{r7}
 360              		.cfi_restore 7
 361              		.cfi_def_cfa_offset 0
 362 0064 7047     		bx	lr
 363              	.L20:
 364 0066 00BF     		.align	2
 365              	.L19:
 366 0068 68C00240 		.word	1073922152
 367              		.cfi_endproc
 368              	.LFE32:
 370              		.section	.text.PINSEL_SetI2C0Pins,"ax",%progbits
 371              		.align	2
 372              		.global	PINSEL_SetI2C0Pins
 373              		.thumb
 374              		.thumb_func
 376              	PINSEL_SetI2C0Pins:
 377              	.LFB33:
 262:Libraries/NXP/Drivers/source/lpc17xx_pinsel.c **** 
 263:Libraries/NXP/Drivers/source/lpc17xx_pinsel.c **** 
 264:Libraries/NXP/Drivers/source/lpc17xx_pinsel.c **** 
 265:Libraries/NXP/Drivers/source/lpc17xx_pinsel.c **** /*********************************************************************//**
 266:Libraries/NXP/Drivers/source/lpc17xx_pinsel.c ****  * @brief 		Setup I2C0 pins
 267:Libraries/NXP/Drivers/source/lpc17xx_pinsel.c ****  * @param[in]	i2cPinMode I2C pin mode,
 268:Libraries/NXP/Drivers/source/lpc17xx_pinsel.c ****  * 				should be one of the following:
 269:Libraries/NXP/Drivers/source/lpc17xx_pinsel.c ****  * 				- PINSEL_I2C_Normal_Mode : The standard drive mode
 270:Libraries/NXP/Drivers/source/lpc17xx_pinsel.c ****  * 				- PINSEL_I2C_Fast_Mode : Fast Mode Plus drive mode
 271:Libraries/NXP/Drivers/source/lpc17xx_pinsel.c ****  *
 272:Libraries/NXP/Drivers/source/lpc17xx_pinsel.c ****  * @param[in]	filterSlewRateEnable  should be:
 273:Libraries/NXP/Drivers/source/lpc17xx_pinsel.c ****  * 				- ENABLE: Enable filter and slew rate.
 274:Libraries/NXP/Drivers/source/lpc17xx_pinsel.c ****  * 				- DISABLE: Disable filter and slew rate.
 275:Libraries/NXP/Drivers/source/lpc17xx_pinsel.c ****  *
 276:Libraries/NXP/Drivers/source/lpc17xx_pinsel.c ****  * @return 		None
 277:Libraries/NXP/Drivers/source/lpc17xx_pinsel.c ****  **********************************************************************/
 278:Libraries/NXP/Drivers/source/lpc17xx_pinsel.c **** void PINSEL_SetI2C0Pins(uint8_t i2cPinMode, FunctionalState filterSlewRateEnable)
 279:Libraries/NXP/Drivers/source/lpc17xx_pinsel.c **** {
 378              		.loc 1 279 0
 379              		.cfi_startproc
 380              		@ args = 0, pretend = 0, frame = 16
 381              		@ frame_needed = 1, uses_anonymous_args = 0
 382              		@ link register save eliminated.
 383 0000 80B4     		push	{r7}
 384              		.cfi_def_cfa_offset 4
 385              		.cfi_offset 7, -4
 386 0002 85B0     		sub	sp, sp, #20
 387              		.cfi_def_cfa_offset 24
 388 0004 00AF     		add	r7, sp, #0
 389              		.cfi_def_cfa_register 7
 390 0006 0346     		mov	r3, r0
 391 0008 0A46     		mov	r2, r1
 392 000a FB71     		strb	r3, [r7, #7]
 393 000c 1346     		mov	r3, r2
 394 000e BB71     		strb	r3, [r7, #6]
 280:Libraries/NXP/Drivers/source/lpc17xx_pinsel.c **** 	uint32_t regVal;
 281:Libraries/NXP/Drivers/source/lpc17xx_pinsel.c **** 
 282:Libraries/NXP/Drivers/source/lpc17xx_pinsel.c **** 	if (i2cPinMode == PINSEL_I2C_Fast_Mode){
 395              		.loc 1 282 0
 396 0010 FB79     		ldrb	r3, [r7, #7]	@ zero_extendqisi2
 397 0012 012B     		cmp	r3, #1
 398 0014 01D1     		bne	.L22
 283:Libraries/NXP/Drivers/source/lpc17xx_pinsel.c **** 		regVal = PINSEL_I2CPADCFG_SCLDRV0 | PINSEL_I2CPADCFG_SDADRV0;
 399              		.loc 1 283 0
 400 0016 0523     		movs	r3, #5
 401 0018 FB60     		str	r3, [r7, #12]
 402              	.L22:
 284:Libraries/NXP/Drivers/source/lpc17xx_pinsel.c **** 	}
 285:Libraries/NXP/Drivers/source/lpc17xx_pinsel.c **** 
 286:Libraries/NXP/Drivers/source/lpc17xx_pinsel.c **** 	if (filterSlewRateEnable == DISABLE){
 403              		.loc 1 286 0
 404 001a BB79     		ldrb	r3, [r7, #6]	@ zero_extendqisi2
 405 001c 002B     		cmp	r3, #0
 406 001e 01D1     		bne	.L23
 287:Libraries/NXP/Drivers/source/lpc17xx_pinsel.c **** 		regVal = PINSEL_I2CPADCFG_SCLI2C0 | PINSEL_I2CPADCFG_SDAI2C0;
 407              		.loc 1 287 0
 408 0020 0A23     		movs	r3, #10
 409 0022 FB60     		str	r3, [r7, #12]
 410              	.L23:
 288:Libraries/NXP/Drivers/source/lpc17xx_pinsel.c **** 	}
 289:Libraries/NXP/Drivers/source/lpc17xx_pinsel.c **** 	LPC_PINCON->I2CPADCFG = regVal;
 411              		.loc 1 289 0
 412 0024 034A     		ldr	r2, .L24
 413 0026 FB68     		ldr	r3, [r7, #12]
 414 0028 D367     		str	r3, [r2, #124]
 290:Libraries/NXP/Drivers/source/lpc17xx_pinsel.c **** }
 415              		.loc 1 290 0
 416 002a 00BF     		nop
 417 002c 1437     		adds	r7, r7, #20
 418              		.cfi_def_cfa_offset 4
 419 002e BD46     		mov	sp, r7
 420              		.cfi_def_cfa_register 13
 421              		@ sp needed
 422 0030 80BC     		pop	{r7}
 423              		.cfi_restore 7
 424              		.cfi_def_cfa_offset 0
 425 0032 7047     		bx	lr
 426              	.L25:
 427              		.align	2
 428              	.L24:
 429 0034 00C00240 		.word	1073922048
 430              		.cfi_endproc
 431              	.LFE33:
 433              		.section	.text.PINSEL_ConfigPin,"ax",%progbits
 434              		.align	2
 435              		.global	PINSEL_ConfigPin
 436              		.thumb
 437              		.thumb_func
 439              	PINSEL_ConfigPin:
 440              	.LFB34:
 291:Libraries/NXP/Drivers/source/lpc17xx_pinsel.c **** 
 292:Libraries/NXP/Drivers/source/lpc17xx_pinsel.c **** 
 293:Libraries/NXP/Drivers/source/lpc17xx_pinsel.c **** /*********************************************************************//**
 294:Libraries/NXP/Drivers/source/lpc17xx_pinsel.c ****  * @brief 		Configure Pin corresponding to specified parameters passed
 295:Libraries/NXP/Drivers/source/lpc17xx_pinsel.c ****  * 				in the PinCfg
 296:Libraries/NXP/Drivers/source/lpc17xx_pinsel.c ****  * @param[in]	PinCfg	Pointer to a PINSEL_CFG_Type structure
 297:Libraries/NXP/Drivers/source/lpc17xx_pinsel.c ****  *                    that contains the configuration information for the
 298:Libraries/NXP/Drivers/source/lpc17xx_pinsel.c ****  *                    specified pin.
 299:Libraries/NXP/Drivers/source/lpc17xx_pinsel.c ****  * @return 		None
 300:Libraries/NXP/Drivers/source/lpc17xx_pinsel.c ****  **********************************************************************/
 301:Libraries/NXP/Drivers/source/lpc17xx_pinsel.c **** void PINSEL_ConfigPin(PINSEL_CFG_Type *PinCfg)
 302:Libraries/NXP/Drivers/source/lpc17xx_pinsel.c **** {
 441              		.loc 1 302 0
 442              		.cfi_startproc
 443              		@ args = 0, pretend = 0, frame = 8
 444              		@ frame_needed = 1, uses_anonymous_args = 0
 445 0000 80B5     		push	{r7, lr}
 446              		.cfi_def_cfa_offset 8
 447              		.cfi_offset 7, -8
 448              		.cfi_offset 14, -4
 449 0002 82B0     		sub	sp, sp, #8
 450              		.cfi_def_cfa_offset 16
 451 0004 00AF     		add	r7, sp, #0
 452              		.cfi_def_cfa_register 7
 453 0006 7860     		str	r0, [r7, #4]
 303:Libraries/NXP/Drivers/source/lpc17xx_pinsel.c **** 	PINSEL_SetPinFunc(PinCfg->Portnum, PinCfg->Pinnum, PinCfg->Funcnum);
 454              		.loc 1 303 0
 455 0008 7B68     		ldr	r3, [r7, #4]
 456 000a 1878     		ldrb	r0, [r3]	@ zero_extendqisi2
 457 000c 7B68     		ldr	r3, [r7, #4]
 458 000e 5978     		ldrb	r1, [r3, #1]	@ zero_extendqisi2
 459 0010 7B68     		ldr	r3, [r7, #4]
 460 0012 9B78     		ldrb	r3, [r3, #2]	@ zero_extendqisi2
 461 0014 1A46     		mov	r2, r3
 462 0016 FFF7FEFF 		bl	PINSEL_SetPinFunc
 304:Libraries/NXP/Drivers/source/lpc17xx_pinsel.c **** 	PINSEL_SetResistorMode(PinCfg->Portnum, PinCfg->Pinnum, PinCfg->Pinmode);
 463              		.loc 1 304 0
 464 001a 7B68     		ldr	r3, [r7, #4]
 465 001c 1878     		ldrb	r0, [r3]	@ zero_extendqisi2
 466 001e 7B68     		ldr	r3, [r7, #4]
 467 0020 5978     		ldrb	r1, [r3, #1]	@ zero_extendqisi2
 468 0022 7B68     		ldr	r3, [r7, #4]
 469 0024 DB78     		ldrb	r3, [r3, #3]	@ zero_extendqisi2
 470 0026 1A46     		mov	r2, r3
 471 0028 FFF7FEFF 		bl	PINSEL_SetResistorMode
 305:Libraries/NXP/Drivers/source/lpc17xx_pinsel.c **** 	PINSEL_SetOpenDrainMode(PinCfg->Portnum, PinCfg->Pinnum, PinCfg->OpenDrain);
 472              		.loc 1 305 0
 473 002c 7B68     		ldr	r3, [r7, #4]
 474 002e 1878     		ldrb	r0, [r3]	@ zero_extendqisi2
 475 0030 7B68     		ldr	r3, [r7, #4]
 476 0032 5978     		ldrb	r1, [r3, #1]	@ zero_extendqisi2
 477 0034 7B68     		ldr	r3, [r7, #4]
 478 0036 1B79     		ldrb	r3, [r3, #4]	@ zero_extendqisi2
 479 0038 1A46     		mov	r2, r3
 480 003a FFF7FEFF 		bl	PINSEL_SetOpenDrainMode
 306:Libraries/NXP/Drivers/source/lpc17xx_pinsel.c **** }
 481              		.loc 1 306 0
 482 003e 00BF     		nop
 483 0040 0837     		adds	r7, r7, #8
 484              		.cfi_def_cfa_offset 8
 485 0042 BD46     		mov	sp, r7
 486              		.cfi_def_cfa_register 13
 487              		@ sp needed
 488 0044 80BD     		pop	{r7, pc}
 489              		.cfi_endproc
 490              	.LFE34:
 492 0046 00BF     		.text
 493              	.Letext0:
 494              		.file 2 "c:\\program files (x86)\\gnu tools arm embedded\\5.4 2016q2\\arm-none-eabi\\include\\mach
 495              		.file 3 "c:\\program files (x86)\\gnu tools arm embedded\\5.4 2016q2\\arm-none-eabi\\include\\sys\
 496              		.file 4 "./Libraries/NXP/Core/CM3/DeviceSupport/NXP/LPC17xx/lpc17xx.h"
 497              		.file 5 "./Libraries/NXP/Drivers/include/lpc_types.h"
 498              		.file 6 "./Libraries/NXP/Drivers/include/lpc17xx_pinsel.h"
 499              		.file 7 "./Libraries/NXP/Core/CM3/CoreSupport/core_cm3.h"
DEFINED SYMBOLS
                            *ABS*:00000000 lpc17xx_pinsel.c
C:\Users\KHUSHA~1\AppData\Local\Temp\ccEvUxKU.s:20     .text.PINSEL_SetPinFunc:00000000 $t
C:\Users\KHUSHA~1\AppData\Local\Temp\ccEvUxKU.s:25     .text.PINSEL_SetPinFunc:00000000 PINSEL_SetPinFunc
C:\Users\KHUSHA~1\AppData\Local\Temp\ccEvUxKU.s:116    .text.PINSEL_SetPinFunc:00000080 $d
C:\Users\KHUSHA~1\AppData\Local\Temp\ccEvUxKU.s:121    .text.PINSEL_ConfigTraceFunc:00000000 $t
C:\Users\KHUSHA~1\AppData\Local\Temp\ccEvUxKU.s:126    .text.PINSEL_ConfigTraceFunc:00000000 PINSEL_ConfigTraceFunc
C:\Users\KHUSHA~1\AppData\Local\Temp\ccEvUxKU.s:180    .text.PINSEL_ConfigTraceFunc:0000003c $d
C:\Users\KHUSHA~1\AppData\Local\Temp\ccEvUxKU.s:185    .text.PINSEL_SetResistorMode:00000000 $t
C:\Users\KHUSHA~1\AppData\Local\Temp\ccEvUxKU.s:190    .text.PINSEL_SetResistorMode:00000000 PINSEL_SetResistorMode
C:\Users\KHUSHA~1\AppData\Local\Temp\ccEvUxKU.s:280    .text.PINSEL_SetResistorMode:00000080 $d
C:\Users\KHUSHA~1\AppData\Local\Temp\ccEvUxKU.s:285    .text.PINSEL_SetOpenDrainMode:00000000 $t
C:\Users\KHUSHA~1\AppData\Local\Temp\ccEvUxKU.s:290    .text.PINSEL_SetOpenDrainMode:00000000 PINSEL_SetOpenDrainMode
C:\Users\KHUSHA~1\AppData\Local\Temp\ccEvUxKU.s:366    .text.PINSEL_SetOpenDrainMode:00000068 $d
C:\Users\KHUSHA~1\AppData\Local\Temp\ccEvUxKU.s:371    .text.PINSEL_SetI2C0Pins:00000000 $t
C:\Users\KHUSHA~1\AppData\Local\Temp\ccEvUxKU.s:376    .text.PINSEL_SetI2C0Pins:00000000 PINSEL_SetI2C0Pins
C:\Users\KHUSHA~1\AppData\Local\Temp\ccEvUxKU.s:429    .text.PINSEL_SetI2C0Pins:00000034 $d
C:\Users\KHUSHA~1\AppData\Local\Temp\ccEvUxKU.s:434    .text.PINSEL_ConfigPin:00000000 $t
C:\Users\KHUSHA~1\AppData\Local\Temp\ccEvUxKU.s:439    .text.PINSEL_ConfigPin:00000000 PINSEL_ConfigPin
                     .debug_frame:00000010 $d

NO UNDEFINED SYMBOLS
